Graphite Press
Multi-Press
Silicon Smelter
Silicon Crucible
Silicon Arc Furnace
Kiln
Plastanium Compressor
Phase Weaver
Surge Smelter / Alloy Smelter
Cryofluid Mixer
Pyratite Mixer
Blast Mixer
Melter
Separator
Disassembler
Spore Press
Pulverizer
Coal Centrifuge
Incinerator
Electrolyzer
Atmospheric Concentrator
Oxidation Chamber
Electric Heater
Slag Heater
Phase Heater
Heat Redirector
Slag Incinerator
Carbide Crucible
Slag Centrifuge
Surge Crucible
Cyanogen Synthesizer
Phase Synthesizer
Heat Reactor
Copper Wall
Large Copper Wall
Titanium Wall
Large Titanium Wall
Plastanium Wall
Large Plastanium Wall
Thorium Wall
Large Thorium Wall
Phase Wall
Large Phase Wall
Surge Wall
Large Surge Wall
Door
Large Door
Scrap Wall
Large Scrap Wall
Huge Scrap Wall
Gigantic Scrap Wall
Thruster
Beryllium Wall
Large Beryllium Wall
Tungsten Wall
Large Tungsten Wall
Blast Door
Reinforced Surge Wall
Large Reinforced Surge Wall
Carbide Wall
Large Carbide Wall
Mender
Mend Projector
Overdrive Projector
Overdrive Dome
Force Projector
Shock Mine
Radar
Build Tower
Regen Projector
Shield Projector
Large Shield Projector
Shield Breaker (temp name/sprite)
Conveyor
Titanium Conveyor
Plastanium Conveyor
Armored Conveyor
Junction
Bridge Conveyor
Phase Conveyor
Sorter
Inverted Sorter
Router
Distributor
Overflow Gate
Underflow Gate
Mass Driver
Duct
Armored Duct
Duct Router
Overflow Duct
Duct Bridge
Surge Conveyor
Surge Router
Unit Cargo Loader
Unit Cargo Unload Point
Mechanical Pump
Rotary Pump
Impulse Pump / Thermal Pump
Conduit
Pulse Conduit
Plated Conduit
Liquid Router
Liquid Container
Liquid Tank
Liquid Junction
Bridge Conduit
Phase Conduit
Reinforced Pump
Reinforced Conduit
Reinforced Liquid Junction
Reinforced Bridge Conduit
Reinforced Liquid Router
Reinforced Liquid Container
Reinforced Liquid Tank
Power Node
Large Power Node
Surge Tower
Battery Diode
Battery
Large Battery
Combustion Generator
Thermal Generator
Steam Generator
Differential Generator
RTG Generator
Solar Panel
Large Solar Panel
Thorium Reactor
Impact Reactor
Beam Node
Beam Tower
Beam Link
Turbine Condenser
Chemical Combustion Chamber
Pyrolysis Generator
Mechanical Drill
Pneumatic Drill
Laser Drill
Airblast Drill
Water Extractor
Cultivator
Oil Extractor
Vent Condenser
Cliff Crusher
Plasma Bore
Large Plasma Bore
Impact Drill
Eruption Drill
Core: Shard
Core: Foundation
Core: Nucleus
Core: Bastion
Core: Citadel
Core: Acropolis
Container
Vault
Unloader
Reinforced Container
Reinforced Vault
Duo
Scatter
Scorch
Hail
Wave
Lancer
Arc
Parallax
Swarmer
Salvo
Segment
Tsunami
Fuse
Ripple
Cyclone
Foreshadow
Spectre
Meltdown
Breach
Diffuse
Sublimate
Titan
Disperse
???
???
???
Command Center
Ground Factory
Air Factory
Naval Factory
Additive Reconstructor
Multiplicative Reconstructor
Exponential Reconstructor
Tetrative Reconstructor
Repair Point
Repair Turret
Tank Fabricator
Ship Fabricator
Mech Fabricator
Tank Refabricator
Mech Refabricator
Ship Refabricator
Prime Refabricator
Tank Assembler
Ship Assembler
Mech Assembler
Basic Assembler Module
Unit Repair Point
Payload Conveyor
Payload Router
Reinforced Payload Conveyor
Reinforced Payload Router
Payload Mass Driver
Payload Propulsion Tower
Small Deconstructor
Deconstructor
Constructor
Large Constructor
Payload Loader
Payload Unloader
Power Source
Power Void
Item Source
Item Void
Liquid Source
Liquid Void
Payload Source
Payload Void
Illuminator
Launch Pad
Interplanetary Accelerator
Message
Switch
Micro Processor
Logic Processor
Hyper Processor
Memory Cell
Memory Bank
Logic Display
Large Logic Display
Canvas
World Processor
World Cell