Enemy Spawn
White Tree Dead
White Tree
Spore Cluster
Redweed
Pur Bush
Yellowcoral
Boulder
Snow Boulder
Shale Boulder
Sand Boulder
Dacite Boulder
Basalt Boulder
Carbon Boulder
Ferric Boulder
Beryllic Boulder
Yellow Stone Boulder
Arkyic Boulder
Crystal Cluster
Vibrant Crystal Cluster
Crystal Blocks
Crystal Orbs
Crystalline Boulder
Red Ice Boulder
Rhyolite Boulder
Red Stone Boulder
Metal Floor 1
Damaged Metal Floor
Metal Floor 2
Metal Floor 3
Metal Floor 4
Metal Floor 5
Dark Panel 1
Dark Panel 2
Dark Panel 3
Dark Panel 4
Dark Panel 5
Dark Panel 6
Dark Metal
Pebbles
Tendrils
Copper
Lead
Scrap
Coal
Titanium
Thorium
Beryllium
Tungsten
Crystal Thorium
Thorium (Wall)
Beryllium (Wall)
Graphitic Wall
Tungsten (Wall)
Deep Water
Water
Tainted Water
Deep Tainted Water
Dark Sand Tainted Water
Sand Water
Dark Sand Water
Tar
Cryofluid
Slag
Space
Empty
Stone
Craters
Char
Basalt
Hot Rock
Magma Rock
Sand
Dark Sand
Dirt
Mud
Dacite
Rhyolite
Rhyolite Crater
Rough Rhyolite
Regolith
Yellow Stone
Carbon Stone
Ferric Stone
Ferric Craters
Beryllic Stone
Crystalline Stone
Crystalline Floor
Yellow Stone Plates
Red Stone
Dense Red Stone
Red Ice
Arkycite Floor
Arkyic Stone
Rhyolite Vent
Carbon Vent
Arkyic Vent
Yellow Stone Vent
Red Stone Vent
Redmat
Bluemat
Grass
Salt
Snow
Ice
Ice Snow
Shale
Moss
Core Zone
Spore Moss
Stone Wall
Spore Wall
Dirt Wall
Dacite Wall
Ice Wall
Snow Wall
Dune Wall
Regolith Wall
Yellow Stone Wall
Rhyolite Wall
Carbon Wall
Ferric Stone Wall
Beryllic Stone Wall
Arkyic Wall
Crystalline Stone Wall
Red Ice Wall
Red Stone Wall
Red Diamond Wall
Sand Wall
Salt Wall
Shrubs
Shale Wall
Spore Pine
Snow Pine
Pine